This file contains any messages produced by compilers while
running configure, to aid debugging if configure makes a mistake.

It was created by gofer configure 1.0, which was
generated by GNU Autoconf 2.69.  Invocation command line was

  $ ./configure 

## --------- ##
## Platform. ##
## --------- ##

hostname = daya
uname -m = i686
uname -r = 4.6.0
uname -s = Linux
uname -v = #1 SMP Tue May 17 14:23:10 IST 2016

/usr/bin/uname -p = unknown
/bin/uname -X     = unknown

/bin/arch              = unknown
/usr/bin/arch -k       = unknown
/usr/convex/getsysinfo = unknown
/usr/bin/hostinfo      = unknown
/bin/machine           = unknown
/usr/bin/oslevel       = unknown
/bin/universe          = unknown

PATH: /bin
PATH: /sbin
PATH: /usr/bin
PATH: /usr/games
PATH: /usr/local/bin
PATH: /usr/local/games
PATH: /usr/sbin
PATH: /usr/java/jdk1.7.0_79/bin


## ----------- ##
## Core tests. ##
## ----------- ##

configure:2253: checking for a BSD-compatible install
configure:2321: result: /usr/bin/install -c
configure:2332: checking whether build environment is sane
configure:2387: result: yes
configure:2538: checking for a thread-safe mkdir -p
configure:2577: result: /bin/mkdir -p
configure:2584: checking for gawk
configure:2600: found /usr/bin/gawk
configure:2611: result: gawk
configure:2622: checking whether make sets $(MAKE)
configure:2644: result: yes
configure:2673: checking whether make supports nested variables
configure:2690: result: yes
configure:2870: checking for gcc
configure:2886: found /usr/bin/gcc
configure:2897: result: gcc
configure:3126: checking for C compiler version
configure:3135: gcc --version >&5
gcc (Debian 4.9.2-10) 4.9.2
Copyright (C) 2014 Free Software Foundation, Inc.
This is free software; see the source for copying conditions.  There is NO
warranty; not even for MERCHANTABILITY or FITNESS FOR A PARTICULAR PURPOSE.

configure:3146: $? = 0
configure:3135: gcc -v >&5
Using built-in specs.
COLLECT_GCC=gcc
COLLECT_LTO_WRAPPER=/usr/lib/gcc/i586-linux-gnu/4.9/lto-wrapper
Target: i586-linux-gnu
Configured with: ../src/configure -v --with-pkgversion='Debian 4.9.2-10' --with-bugurl=file:///usr/share/doc/gcc-4.9/README.Bugs --enable-languages=c,c++,java,go,d,fortran,objc,obj-c++ --prefix=/usr --program-suffix=-4.9 --enable-shared --enable-linker-build-id --libexecdir=/usr/lib --without-included-gettext --enable-threads=posix --with-gxx-include-dir=/usr/include/c++/4.9 --libdir=/usr/lib --enable-nls --with-sysroot=/ --enable-clocale=gnu --enable-libstdcxx-debug --enable-libstdcxx-time=yes --enable-gnu-unique-object --disable-vtable-verify --enable-plugin --with-system-zlib --disable-browser-plugin --enable-java-awt=gtk --enable-gtk-cairo --with-java-home=/usr/lib/jvm/java-1.5.0-gcj-4.9-i386/jre --enable-java-home --with-jvm-root-dir=/usr/lib/jvm/java-1.5.0-gcj-4.9-i386 --with-jvm-jar-dir=/usr/lib/jvm-exports/java-1.5.0-gcj-4.9-i386 --with-arch-directory=i386 --with-ecj-jar=/usr/share/java/eclipse-ecj.jar --enable-objc-gc --enable-targets=all --enable-multiarch --with-arch-32=i586 --with-multilib-list=m32,m64,mx32 --enable-multilib --with-tune=generic --enable-checking=release --build=i586-linux-gnu --host=i586-linux-gnu --target=i586-linux-gnu
Thread model: posix
gcc version 4.9.2 (Debian 4.9.2-10) 
configure:3146: $? = 0
configure:3135: gcc -V >&5
gcc: error: unrecognized command line option '-V'
gcc: fatal error: no input files
compilation terminated.
configure:3146: $? = 4
configure:3135: gcc -qversion >&5
gcc: error: unrecognized command line option '-qversion'
gcc: fatal error: no input files
compilation terminated.
configure:3146: $? = 4
configure:3166: checking whether the C compiler works
configure:3188: gcc    conftest.c  >&5
configure:3192: $? = 0
configure:3240: result: yes
configure:3243: checking for C compiler default output file name
configure:3245: result: a.out
configure:3251: checking for suffix of executables
configure:3258: gcc -o conftest    conftest.c  >&5
configure:3262: $? = 0
configure:3284: result: 
configure:3306: checking whether we are cross compiling
configure:3314: gcc -o conftest    conftest.c  >&5
configure:3318: $? = 0
configure:3325: ./conftest
configure:3329: $? = 0
configure:3344: result: no
configure:3349: checking for suffix of object files
configure:3371: gcc -c   conftest.c >&5
configure:3375: $? = 0
configure:3396: result: o
configure:3400: checking whether we are using the GNU C compiler
configure:3419: gcc -c   conftest.c >&5
configure:3419: $? = 0
configure:3428: result: yes
configure:3437: checking whether gcc accepts -g
configure:3457: gcc -c -g  conftest.c >&5
configure:3457: $? = 0
configure:3498: result: yes
configure:3515: checking for gcc option to accept ISO C89
configure:3578: gcc  -c -g -O2  conftest.c >&5
configure:3578: $? = 0
configure:3591: result: none needed
configure:3616: checking whether gcc understands -c and -o together
configure:3638: gcc -c conftest.c -o conftest2.o
configure:3641: $? = 0
configure:3638: gcc -c conftest.c -o conftest2.o
configure:3641: $? = 0
configure:3653: result: yes
configure:3681: checking for style of include used by make
configure:3709: result: GNU
configure:3735: checking dependency style of gcc
configure:3846: result: none
configure:3866: checking for bison
configure:3896: result: no
configure:3866: checking for byacc
configure:3882: found /usr/bin/byacc
configure:3893: result: byacc
configure:3909: checking for main in -lm
configure:3928: gcc -o conftest -g -O2   conftest.c -lm   >&5
configure:3928: $? = 0
configure:3937: result: yes
configure:3955: checking how to run the C preprocessor
configure:3986: gcc -E  conftest.c
configure:3986: $? = 0
configure:4000: gcc -E  conftest.c
conftest.c:12:28: fatal error: ac_nonexistent.h: No such file or directory
 #include <ac_nonexistent.h>
                            ^
compilation terminated.
configure:4000: $? = 1
configure: failed program was:
| /* confdefs.h */
| #define PACKAGE_NAME "gofer"
| #define PACKAGE_TARNAME "gofer"
| #define PACKAGE_VERSION "1.0"
| #define PACKAGE_STRING "gofer 1.0"
| #define PACKAGE_BUGREPORT "dchinchure@gmail.com"
| #define PACKAGE_URL ""
| #define PACKAGE "gofer"
| #define VERSION "1.0"
| #define HAVE_LIBM 1
| /* end confdefs.h.  */
| #include <ac_nonexistent.h>
configure:4025: result: gcc -E
configure:4045: gcc -E  conftest.c
configure:4045: $? = 0
configure:4059: gcc -E  conftest.c
conftest.c:12:28: fatal error: ac_nonexistent.h: No such file or directory
 #include <ac_nonexistent.h>
                            ^
compilation terminated.
configure:4059: $? = 1
configure: failed program was:
| /* confdefs.h */
| #define PACKAGE_NAME "gofer"
| #define PACKAGE_TARNAME "gofer"
| #define PACKAGE_VERSION "1.0"
| #define PACKAGE_STRING "gofer 1.0"
| #define PACKAGE_BUGREPORT "dchinchure@gmail.com"
| #define PACKAGE_URL ""
| #define PACKAGE "gofer"
| #define VERSION "1.0"
| #define HAVE_LIBM 1
| /* end confdefs.h.  */
| #include <ac_nonexistent.h>
configure:4088: checking for grep that handles long lines and -e
configure:4146: result: /bin/grep
configure:4151: checking for egrep
configure:4213: result: /bin/grep -E
configure:4218: checking for ANSI C header files
configure:4238: gcc -c -g -O2  conftest.c >&5
configure:4238: $? = 0
configure:4311: gcc -o conftest -g -O2   conftest.c -lm  >&5
configure:4311: $? = 0
configure:4311: ./conftest
configure:4311: $? = 0
configure:4322: result: yes
configure:4335: checking for sys/types.h
configure:4335: gcc -c -g -O2  conftest.c >&5
configure:4335: $? = 0
configure:4335: result: yes
configure:4335: checking for sys/stat.h
configure:4335: gcc -c -g -O2  conftest.c >&5
configure:4335: $? = 0
configure:4335: result: yes
configure:4335: checking for stdlib.h
configure:4335: gcc -c -g -O2  conftest.c >&5
configure:4335: $? = 0
configure:4335: result: yes
configure:4335: checking for string.h
configure:4335: gcc -c -g -O2  conftest.c >&5
configure:4335: $? = 0
configure:4335: result: yes
configure:4335: checking for memory.h
configure:4335: gcc -c -g -O2  conftest.c >&5
configure:4335: $? = 0
configure:4335: result: yes
configure:4335: checking for strings.h
configure:4335: gcc -c -g -O2  conftest.c >&5
configure:4335: $? = 0
configure:4335: result: yes
configure:4335: checking for inttypes.h
configure:4335: gcc -c -g -O2  conftest.c >&5
configure:4335: $? = 0
configure:4335: result: yes
configure:4335: checking for stdint.h
configure:4335: gcc -c -g -O2  conftest.c >&5
configure:4335: $? = 0
configure:4335: result: yes
configure:4335: checking for unistd.h
configure:4335: gcc -c -g -O2  conftest.c >&5
configure:4335: $? = 0
configure:4335: result: yes
configure:4347: checking for size_t
configure:4347: gcc -c -g -O2  conftest.c >&5
configure:4347: $? = 0
configure:4347: gcc -c -g -O2  conftest.c >&5
conftest.c: In function 'main':
conftest.c:58:21: error: expected expression before ')' token
 if (sizeof ((size_t)))
                     ^
configure:4347: $? = 1
configure: failed program was:
| /* confdefs.h */
| #define PACKAGE_NAME "gofer"
| #define PACKAGE_TARNAME "gofer"
| #define PACKAGE_VERSION "1.0"
| #define PACKAGE_STRING "gofer 1.0"
| #define PACKAGE_BUGREPORT "dchinchure@gmail.com"
| #define PACKAGE_URL ""
| #define PACKAGE "gofer"
| #define VERSION "1.0"
| #define HAVE_LIBM 1
| #define STDC_HEADERS 1
| #define HAVE_SYS_TYPES_H 1
| #define HAVE_SYS_STAT_H 1
| #define HAVE_STDLIB_H 1
| #define HAVE_STRING_H 1
| #define HAVE_MEMORY_H 1
| #define HAVE_STRINGS_H 1
| #define HAVE_INTTYPES_H 1
| #define HAVE_STDINT_H 1
| #define HAVE_UNISTD_H 1
| /* end confdefs.h.  */
| #include <stdio.h>
| #ifdef HAVE_SYS_TYPES_H
| # include <sys/types.h>
| #endif
| #ifdef HAVE_SYS_STAT_H
| # include <sys/stat.h>
| #endif
| #ifdef STDC_HEADERS
| # include <stdlib.h>
| # include <stddef.h>
| #else
| # ifdef HAVE_STDLIB_H
| #  include <stdlib.h>
| # endif
| #endif
| #ifdef HAVE_STRING_H
| # if !defined STDC_HEADERS && defined HAVE_MEMORY_H
| #  include <memory.h>
| # endif
| # include <string.h>
| #endif
| #ifdef HAVE_STRINGS_H
| # include <strings.h>
| #endif
| #ifdef HAVE_INTTYPES_H
| # include <inttypes.h>
| #endif
| #ifdef HAVE_STDINT_H
| # include <stdint.h>
| #endif
| #ifdef HAVE_UNISTD_H
| # include <unistd.h>
| #endif
| int
| main ()
| {
| if (sizeof ((size_t)))
| 	    return 0;
|   ;
|   return 0;
| }
configure:4347: result: yes
configure:4360: checking for working alloca.h
configure:4377: gcc -o conftest -g -O2   conftest.c -lm  >&5
configure:4377: $? = 0
configure:4385: result: yes
configure:4393: checking for alloca
configure:4430: gcc -o conftest -g -O2   conftest.c -lm  >&5
configure:4430: $? = 0
configure:4438: result: yes
configure:4547: checking fcntl.h usability
configure:4547: gcc -c -g -O2  conftest.c >&5
configure:4547: $? = 0
configure:4547: result: yes
configure:4547: checking fcntl.h presence
configure:4547: gcc -E  conftest.c
configure:4547: $? = 0
configure:4547: result: yes
configure:4547: checking for fcntl.h
configure:4547: result: yes
configure:4547: checking libintl.h usability
configure:4547: gcc -c -g -O2  conftest.c >&5
configure:4547: $? = 0
configure:4547: result: yes
configure:4547: checking libintl.h presence
configure:4547: gcc -E  conftest.c
configure:4547: $? = 0
configure:4547: result: yes
configure:4547: checking for libintl.h
configure:4547: result: yes
configure:4547: checking malloc.h usability
configure:4547: gcc -c -g -O2  conftest.c >&5
configure:4547: $? = 0
configure:4547: result: yes
configure:4547: checking malloc.h presence
configure:4547: gcc -E  conftest.c
configure:4547: $? = 0
configure:4547: result: yes
configure:4547: checking for malloc.h
configure:4547: result: yes
configure:4547: checking for memory.h
configure:4547: result: yes
configure:4547: checking sgtty.h usability
configure:4547: gcc -c -g -O2  conftest.c >&5
configure:4547: $? = 0
configure:4547: result: yes
configure:4547: checking sgtty.h presence
configure:4547: gcc -E  conftest.c
configure:4547: $? = 0
configure:4547: result: yes
configure:4547: checking for sgtty.h
configure:4547: result: yes
configure:4547: checking stddef.h usability
configure:4547: gcc -c -g -O2  conftest.c >&5
configure:4547: $? = 0
configure:4547: result: yes
configure:4547: checking stddef.h presence
configure:4547: gcc -E  conftest.c
configure:4547: $? = 0
configure:4547: result: yes
configure:4547: checking for stddef.h
configure:4547: result: yes
configure:4547: checking for stdlib.h
configure:4547: result: yes
configure:4547: checking for string.h
configure:4547: result: yes
configure:4547: checking sys/ioctl.h usability
configure:4547: gcc -c -g -O2  conftest.c >&5
configure:4547: $? = 0
configure:4547: result: yes
configure:4547: checking sys/ioctl.h presence
configure:4547: gcc -E  conftest.c
configure:4547: $? = 0
configure:4547: result: yes
configure:4547: checking for sys/ioctl.h
configure:4547: result: yes
configure:4547: checking sys/time.h usability
configure:4547: gcc -c -g -O2  conftest.c >&5
configure:4547: $? = 0
configure:4547: result: yes
configure:4547: checking sys/time.h presence
configure:4547: gcc -E  conftest.c
configure:4547: $? = 0
configure:4547: result: yes
configure:4547: checking for sys/time.h
configure:4547: result: yes
configure:4547: checking termio.h usability
configure:4547: gcc -c -g -O2  conftest.c >&5
configure:4547: $? = 0
configure:4547: result: yes
configure:4547: checking termio.h presence
configure:4547: gcc -E  conftest.c
configure:4547: $? = 0
configure:4547: result: yes
configure:4547: checking for termio.h
configure:4547: result: yes
configure:4547: checking termios.h usability
configure:4547: gcc -c -g -O2  conftest.c >&5
configure:4547: $? = 0
configure:4547: result: yes
configure:4547: checking termios.h presence
configure:4547: gcc -E  conftest.c
configure:4547: $? = 0
configure:4547: result: yes
configure:4547: checking for termios.h
configure:4547: result: yes
configure:4547: checking values.h usability
configure:4547: gcc -c -g -O2  conftest.c >&5
configure:4547: $? = 0
configure:4547: result: yes
configure:4547: checking values.h presence
configure:4547: gcc -E  conftest.c
configure:4547: $? = 0
configure:4547: result: yes
configure:4547: checking for values.h
configure:4547: result: yes
configure:4559: checking for stdbool.h that conforms to C99
configure:4626: gcc -c -g -O2  conftest.c >&5
configure:4626: $? = 0
configure:4633: result: yes
configure:4635: checking for _Bool
configure:4635: gcc -c -g -O2  conftest.c >&5
configure:4635: $? = 0
configure:4635: gcc -c -g -O2  conftest.c >&5
conftest.c: In function 'main':
conftest.c:73:20: error: expected expression before ')' token
 if (sizeof ((_Bool)))
                    ^
configure:4635: $? = 1
configure: failed program was:
| /* confdefs.h */
| #define PACKAGE_NAME "gofer"
| #define PACKAGE_TARNAME "gofer"
| #define PACKAGE_VERSION "1.0"
| #define PACKAGE_STRING "gofer 1.0"
| #define PACKAGE_BUGREPORT "dchinchure@gmail.com"
| #define PACKAGE_URL ""
| #define PACKAGE "gofer"
| #define VERSION "1.0"
| #define HAVE_LIBM 1
| #define STDC_HEADERS 1
| #define HAVE_SYS_TYPES_H 1
| #define HAVE_SYS_STAT_H 1
| #define HAVE_STDLIB_H 1
| #define HAVE_STRING_H 1
| #define HAVE_MEMORY_H 1
| #define HAVE_STRINGS_H 1
| #define HAVE_INTTYPES_H 1
| #define HAVE_STDINT_H 1
| #define HAVE_UNISTD_H 1
| #define HAVE_ALLOCA_H 1
| #define HAVE_ALLOCA 1
| #define HAVE_FCNTL_H 1
| #define HAVE_LIBINTL_H 1
| #define HAVE_MALLOC_H 1
| #define HAVE_MEMORY_H 1
| #define HAVE_SGTTY_H 1
| #define HAVE_STDDEF_H 1
| #define HAVE_STDLIB_H 1
| #define HAVE_STRING_H 1
| #define HAVE_SYS_IOCTL_H 1
| #define HAVE_SYS_TIME_H 1
| #define HAVE_TERMIO_H 1
| #define HAVE_TERMIOS_H 1
| #define HAVE_VALUES_H 1
| /* end confdefs.h.  */
| #include <stdio.h>
| #ifdef HAVE_SYS_TYPES_H
| # include <sys/types.h>
| #endif
| #ifdef HAVE_SYS_STAT_H
| # include <sys/stat.h>
| #endif
| #ifdef STDC_HEADERS
| # include <stdlib.h>
| # include <stddef.h>
| #else
| # ifdef HAVE_STDLIB_H
| #  include <stdlib.h>
| # endif
| #endif
| #ifdef HAVE_STRING_H
| # if !defined STDC_HEADERS && defined HAVE_MEMORY_H
| #  include <memory.h>
| # endif
| # include <string.h>
| #endif
| #ifdef HAVE_STRINGS_H
| # include <strings.h>
| #endif
| #ifdef HAVE_INTTYPES_H
| # include <inttypes.h>
| #endif
| #ifdef HAVE_STDINT_H
| # include <stdint.h>
| #endif
| #ifdef HAVE_UNISTD_H
| # include <unistd.h>
| #endif
| int
| main ()
| {
| if (sizeof ((_Bool)))
| 	    return 0;
|   ;
|   return 0;
| }
configure:4635: result: yes
configure:4646: checking for inline
configure:4662: gcc -c -g -O2  conftest.c >&5
configure:4662: $? = 0
configure:4670: result: inline
configure:4688: checking for size_t
configure:4688: result: yes
configure:4703: checking for stdlib.h
configure:4703: result: yes
configure:4713: checking for GNU libc compatible malloc
configure:4737: gcc -o conftest -g -O2   conftest.c -lm  >&5
configure:4737: $? = 0
configure:4737: ./conftest
configure:4737: $? = 0
configure:4747: result: yes
configure:4770: checking for stdlib.h
configure:4770: result: yes
configure:4780: checking for GNU libc compatible realloc
configure:4804: gcc -o conftest -g -O2   conftest.c -lm  >&5
configure:4804: $? = 0
configure:4804: ./conftest
configure:4804: $? = 0
configure:4814: result: yes
configure:4838: checking for isascii
configure:4838: gcc -o conftest -g -O2   conftest.c -lm  >&5
conftest.c:65:6: warning: conflicting types for built-in function 'isascii'
 char isascii ();
      ^
configure:4838: $? = 0
configure:4838: result: yes
configure:4838: checking for sqrt
configure:4838: gcc -o conftest -g -O2   conftest.c -lm  >&5
conftest.c:66:6: warning: conflicting types for built-in function 'sqrt'
 char sqrt ();
      ^
configure:4838: $? = 0
configure:4838: result: yes
configure:4838: checking for strchr
configure:4838: gcc -o conftest -g -O2   conftest.c -lm  >&5
conftest.c:67:6: warning: conflicting types for built-in function 'strchr'
 char strchr ();
      ^
configure:4838: $? = 0
configure:4838: result: yes
configure:4959: checking that generated files are newer than configure
configure:4965: result: done
configure:4988: creating ./config.status

## ---------------------- ##
## Running config.status. ##
## ---------------------- ##

This file was extended by gofer config.status 1.0, which was
generated by GNU Autoconf 2.69.  Invocation command line was

  CONFIG_FILES    = 
  CONFIG_HEADERS  = 
  CONFIG_LINKS    = 
  CONFIG_COMMANDS = 
  $ ./config.status 

on daya

config.status:885: creating Makefile
config.status:885: creating doc/Makefile
config.status:885: creating docs/Makefile
config.status:885: creating docsrc/Makefile
config.status:885: creating scripts/Makefile
config.status:885: creating src/Makefile
config.status:885: creating config.h
config.status:1066: config.h is unchanged
config.status:1114: executing depfiles commands

## ---------------- ##
## Cache variables. ##
## ---------------- ##

ac_cv_c_compiler_gnu=yes
ac_cv_c_inline=inline
ac_cv_env_CC_set=
ac_cv_env_CC_value=
ac_cv_env_CFLAGS_set=
ac_cv_env_CFLAGS_value=
ac_cv_env_CPPFLAGS_set=
ac_cv_env_CPPFLAGS_value=
ac_cv_env_CPP_set=
ac_cv_env_CPP_value=
ac_cv_env_LDFLAGS_set=
ac_cv_env_LDFLAGS_value=
ac_cv_env_LIBS_set=
ac_cv_env_LIBS_value=
ac_cv_env_YACC_set=
ac_cv_env_YACC_value=
ac_cv_env_YFLAGS_set=
ac_cv_env_YFLAGS_value=
ac_cv_env_build_alias_set=
ac_cv_env_build_alias_value=
ac_cv_env_host_alias_set=
ac_cv_env_host_alias_value=
ac_cv_env_target_alias_set=
ac_cv_env_target_alias_value=
ac_cv_func_alloca_works=yes
ac_cv_func_isascii=yes
ac_cv_func_malloc_0_nonnull=yes
ac_cv_func_realloc_0_nonnull=yes
ac_cv_func_sqrt=yes
ac_cv_func_strchr=yes
ac_cv_header_fcntl_h=yes
ac_cv_header_inttypes_h=yes
ac_cv_header_libintl_h=yes
ac_cv_header_malloc_h=yes
ac_cv_header_memory_h=yes
ac_cv_header_sgtty_h=yes
ac_cv_header_stdbool_h=yes
ac_cv_header_stdc=yes
ac_cv_header_stddef_h=yes
ac_cv_header_stdint_h=yes
ac_cv_header_stdlib_h=yes
ac_cv_header_string_h=yes
ac_cv_header_strings_h=yes
ac_cv_header_sys_ioctl_h=yes
ac_cv_header_sys_stat_h=yes
ac_cv_header_sys_time_h=yes
ac_cv_header_sys_types_h=yes
ac_cv_header_termio_h=yes
ac_cv_header_termios_h=yes
ac_cv_header_unistd_h=yes
ac_cv_header_values_h=yes
ac_cv_lib_m_main=yes
ac_cv_objext=o
ac_cv_path_EGREP='/bin/grep -E'
ac_cv_path_GREP=/bin/grep
ac_cv_path_install='/usr/bin/install -c'
ac_cv_path_mkdir=/bin/mkdir
ac_cv_prog_AWK=gawk
ac_cv_prog_CPP='gcc -E'
ac_cv_prog_YACC=byacc
ac_cv_prog_ac_ct_CC=gcc
ac_cv_prog_cc_c89=
ac_cv_prog_cc_g=yes
ac_cv_prog_make_make_set=yes
ac_cv_type__Bool=yes
ac_cv_type_size_t=yes
ac_cv_working_alloca_h=yes
am_cv_CC_dependencies_compiler_type=none
am_cv_make_support_nested_variables=yes
am_cv_prog_cc_c_o=yes

## ----------------- ##
## Output variables. ##
## ----------------- ##

ACLOCAL='${SHELL} /home/daya/build-deb/gofer-final/gofer-master/missing aclocal-1.14'
ALLOCA=''
AMDEPBACKSLASH='\'
AMDEP_FALSE='#'
AMDEP_TRUE=''
AMTAR='$${TAR-tar}'
AM_BACKSLASH='\'
AM_DEFAULT_V='$(AM_DEFAULT_VERBOSITY)'
AM_DEFAULT_VERBOSITY='1'
AM_V='$(V)'
AUTOCONF='${SHELL} /home/daya/build-deb/gofer-final/gofer-master/missing autoconf'
AUTOHEADER='${SHELL} /home/daya/build-deb/gofer-final/gofer-master/missing autoheader'
AUTOMAKE='${SHELL} /home/daya/build-deb/gofer-final/gofer-master/missing automake-1.14'
AWK='gawk'
CC='gcc'
CCDEPMODE='depmode=none'
CFLAGS='-g -O2'
CPP='gcc -E'
CPPFLAGS=''
CYGPATH_W='echo'
DEFS='-DHAVE_CONFIG_H'
DEPDIR='.deps'
ECHO_C=''
ECHO_N='-n'
ECHO_T=''
EGREP='/bin/grep -E'
EXEEXT=''
GREP='/bin/grep'
INSTALL_DATA='${INSTALL} -m 644'
INSTALL_PROGRAM='${INSTALL}'
INSTALL_SCRIPT='${INSTALL}'
INSTALL_STRIP_PROGRAM='$(install_sh) -c -s'
LDFLAGS=''
LIBOBJS=''
LIBS='-lm '
LTLIBOBJS=''
MAKEINFO='${SHELL} /home/daya/build-deb/gofer-final/gofer-master/missing makeinfo'
MKDIR_P='/bin/mkdir -p'
OBJEXT='o'
PACKAGE='gofer'
PACKAGE_BUGREPORT='dchinchure@gmail.com'
PACKAGE_NAME='gofer'
PACKAGE_STRING='gofer 1.0'
PACKAGE_TARNAME='gofer'
PACKAGE_URL=''
PACKAGE_VERSION='1.0'
PATH_SEPARATOR=':'
SET_MAKE=''
SHELL='/bin/bash'
STRIP=''
VERSION='1.0'
YACC='byacc'
YFLAGS=''
ac_ct_CC='gcc'
am__EXEEXT_FALSE=''
am__EXEEXT_TRUE='#'
am__fastdepCC_FALSE=''
am__fastdepCC_TRUE='#'
am__include='include'
am__isrc=''
am__leading_dot='.'
am__nodep='_no'
am__quote=''
am__tar='$${TAR-tar} chof - "$$tardir"'
am__untar='$${TAR-tar} xf -'
bindir='${exec_prefix}/bin'
build_alias=''
datadir='${datarootdir}'
datarootdir='${prefix}/share'
docdir='${datarootdir}/doc/${PACKAGE_TARNAME}'
dvidir='${docdir}'
exec_prefix='${prefix}'
host_alias=''
htmldir='${docdir}'
includedir='${prefix}/include'
infodir='${datarootdir}/info'
install_sh='${SHELL} /home/daya/build-deb/gofer-final/gofer-master/install-sh'
libdir='${exec_prefix}/lib'
libexecdir='${exec_prefix}/libexec'
localedir='${datarootdir}/locale'
localstatedir='${prefix}/var'
mandir='${datarootdir}/man'
mkdir_p='$(MKDIR_P)'
oldincludedir='/usr/include'
pdfdir='${docdir}'
prefix='/usr/local'
program_transform_name='s,x,x,'
psdir='${docdir}'
sbindir='${exec_prefix}/sbin'
sharedstatedir='${prefix}/com'
sysconfdir='${prefix}/etc'
target_alias=''

## ----------- ##
## confdefs.h. ##
## ----------- ##

/* confdefs.h */
#define PACKAGE_NAME "gofer"
#define PACKAGE_TARNAME "gofer"
#define PACKAGE_VERSION "1.0"
#define PACKAGE_STRING "gofer 1.0"
#define PACKAGE_BUGREPORT "dchinchure@gmail.com"
#define PACKAGE_URL ""
#define PACKAGE "gofer"
#define VERSION "1.0"
#define HAVE_LIBM 1
#define STDC_HEADERS 1
#define HAVE_SYS_TYPES_H 1
#define HAVE_SYS_STAT_H 1
#define HAVE_STDLIB_H 1
#define HAVE_STRING_H 1
#define HAVE_MEMORY_H 1
#define HAVE_STRINGS_H 1
#define HAVE_INTTYPES_H 1
#define HAVE_STDINT_H 1
#define HAVE_UNISTD_H 1
#define HAVE_ALLOCA_H 1
#define HAVE_ALLOCA 1
#define HAVE_FCNTL_H 1
#define HAVE_LIBINTL_H 1
#define HAVE_MALLOC_H 1
#define HAVE_MEMORY_H 1
#define HAVE_SGTTY_H 1
#define HAVE_STDDEF_H 1
#define HAVE_STDLIB_H 1
#define HAVE_STRING_H 1
#define HAVE_SYS_IOCTL_H 1
#define HAVE_SYS_TIME_H 1
#define HAVE_TERMIO_H 1
#define HAVE_TERMIOS_H 1
#define HAVE_VALUES_H 1
#define HAVE__BOOL 1
#define HAVE_STDLIB_H 1
#define HAVE_MALLOC 1
#define HAVE_STDLIB_H 1
#define HAVE_REALLOC 1
#define HAVE_ISASCII 1
#define HAVE_SQRT 1
#define HAVE_STRCHR 1

configure: exit 0
